<?xml version="1.0" encoding="UTF-8"?>
<!-- Generated by org.testng.reporters.JUnitReportReporter -->
<testsuite hostname="DESKTOP-GRUOEUJ" failures="0" tests="2" name="Practice.Demo" time="0.022" errors="0" timestamp="2022-10-28T12:48:21 IST" skipped="0">
  <testcase classname="Practice.Demo" name="Demo" time="0.019"/>
  <system-out/>
  <testcase classname="Practice.Demo" name="test" time="0.003"/>
  <system-out/>
</testsuite> <!-- Practice.Demo -->
