<?xml version="1.0" encoding="UTF-8"?>
<!-- Generated by org.testng.reporters.JUnitReportReporter -->
<testsuite hostname="DESKTOP-GRUOEUJ" failures="0" tests="3" name="Practice.day3" time="0.016" errors="0" timestamp="2022-10-31T18:14:50 IST" skipped="1">
  <testcase classname="Practice.day3" name="zxamle" time="0.014"/>
  <system-out/>
  <testcase classname="Practice.day3" name="Afirstmethod" time="0.002"/>
  <system-out/>
  <testcase classname="Practice.day3" name="weblogincarloan">
    <skipped/>
  </testcase> <!-- weblogincarloan -->
  <system-out/>
</testsuite> <!-- Practice.day3 -->
