<?xml version="1.0" encoding="UTF-8"?>
<!-- Generated by org.testng.reporters.JUnitReportReporter -->
<testsuite hostname="DESKTOP-GRUOEUJ" failures="0" tests="3" name="Practice.day4" time="0.020" errors="0" timestamp="2022-10-31T18:14:50 IST" skipped="0">
  <testcase classname="Practice.day4" name="webloginHomeLoan" time="0.010"/>
  <system-out/>
  <testcase classname="Practice.day4" name="apilogin" time="0.005"/>
  <system-out/>
  <testcase classname="Practice.day4" name="Mobilelogin" time="0.005"/>
  <system-out/>
</testsuite> <!-- Practice.day4 -->
